0 info it worked if it ends with ok
1 verbose cli [ '/Users/dimitris/.nvm/versions/node/v6.9.5/bin/node',
1 verbose cli   '/Users/dimitris/.nvm/versions/node/v6.9.5/bin/npm',
1 verbose cli   'run',
1 verbose cli   'dev' ]
2 info using npm@3.10.10
3 info using node@v6.9.5
4 verbose run-script [ 'predev', 'dev', 'postdev' ]
5 info lifecycle music-api-fetcher@0.0.0~predev: music-api-fetcher@0.0.0
6 silly lifecycle music-api-fetcher@0.0.0~predev: no script for predev, continuing
7 info lifecycle music-api-fetcher@0.0.0~dev: music-api-fetcher@0.0.0
8 verbose lifecycle music-api-fetcher@0.0.0~dev: unsafe-perm in lifecycle true
9 verbose lifecycle music-api-fetcher@0.0.0~dev: PATH: /Users/dimitris/.nvm/versions/node/v6.9.5/lib/node_modules/npm/bin/node-gyp-bin:/Users/dimitris/Documents/T/myP/espi/music-api-fetcher/node_modules/.bin:/Users/dimitris/.nvm/versions/node/v6.9.5/bin:/Users/dimitris/.pyenv/shims:/Users/dimitris/.pyenv/bin:/Users/dimitris/bin:/Users/dimitris/.gem/bin:/usr/local/bin:/usr/local/sbin:/usr/local/share/npm/bin:/Users/dimitris/.pyenv/shims:/Users/dimitris/.pyenv/shims:/Users/dimitris/.pyenv/bin:/usr/local/bin:/usr/local/sbin:/usr/local/bin:/usr/bin:/bin:/usr/sbin:/sbin:/opt/X11/bin:/usr/local/go/bin:/opt/ImageMagick/bin:/usr/local/munki
10 verbose lifecycle music-api-fetcher@0.0.0~dev: CWD: /Users/dimitris/Documents/T/myP/espi/music-api-fetcher
11 silly lifecycle music-api-fetcher@0.0.0~dev: Args: [ '-c',
11 silly lifecycle   '.node_modules/.bin/webpack-dev-server --content-base src --inline --hot' ]
12 info lifecycle music-api-fetcher@0.0.0~dev: Failed to exec dev script
13 verbose stack Error: music-api-fetcher@0.0.0 dev: `.node_modules/.bin/webpack-dev-server --content-base src --inline --hot`
13 verbose stack spawn ENOENT
13 verbose stack     at ChildProcess.<anonymous> (/Users/dimitris/.nvm/versions/node/v6.9.5/lib/node_modules/npm/lib/utils/spawn.js:33:16)
13 verbose stack     at emitTwo (events.js:106:13)
13 verbose stack     at ChildProcess.emit (events.js:191:7)
13 verbose stack     at maybeClose (internal/child_process.js:877:16)
13 verbose stack     at Process.ChildProcess._handle.onexit (internal/child_process.js:226:5)
14 verbose pkgid music-api-fetcher@0.0.0
15 verbose cwd /Users/dimitris/Documents/T/myP/espi/music-api-fetcher
16 error Darwin 15.6.0
17 error argv "/Users/dimitris/.nvm/versions/node/v6.9.5/bin/node" "/Users/dimitris/.nvm/versions/node/v6.9.5/bin/npm" "run" "dev"
18 error node v6.9.5
19 error npm  v3.10.10
20 error file sh
21 error code ELIFECYCLE
22 error errno ENOENT
23 error syscall spawn
24 error music-api-fetcher@0.0.0 dev: `.node_modules/.bin/webpack-dev-server --content-base src --inline --hot`
24 error spawn ENOENT
25 error Failed at the music-api-fetcher@0.0.0 dev script '.node_modules/.bin/webpack-dev-server --content-base src --inline --hot'.
25 error Make sure you have the latest version of node.js and npm installed.
25 error If you do, this is most likely a problem with the music-api-fetcher package,
25 error not with npm itself.
25 error Tell the author that this fails on your system:
25 error     .node_modules/.bin/webpack-dev-server --content-base src --inline --hot
25 error You can get information on how to open an issue for this project with:
25 error     npm bugs music-api-fetcher
25 error Or if that isn't available, you can get their info via:
25 error     npm owner ls music-api-fetcher
25 error There is likely additional logging output above.
26 verbose exit [ 1, true ]
